{"C:\\Users\\Saad\\Desktop\\projects\\node-basics\\vidly-backend\\index.js": {"path":"C:\\Users\\Saad\\Desktop\\projects\\node-basics\\vidly-backend\\index.js","statementMap":{"0":{"start":{"line":1,"column":16},"end":{"line":1,"column":34}},"1":{"start":{"line":2,"column":12},"end":{"line":2,"column":21}},"2":{"start":{"line":3,"column":16},"end":{"line":3,"column":34}},"3":{"start":{"line":7,"column":0},"end":{"line":7,"column":30}},"4":{"start":{"line":10,"column":0},"end":{"line":10,"column":33}},"5":{"start":{"line":13,"column":0},"end":{"line":13,"column":29}},"6":{"start":{"line":16,"column":0},"end":{"line":16,"column":32}},"7":{"start":{"line":19,"column":0},"end":{"line":19,"column":31}},"8":{"start":{"line":22,"column":13},"end":{"line":22,"column":37}},"9":{"start":{"line":23,"column":15},"end":{"line":23,"column":83}},"10":{"start":{"line":23,"column":38},"end":{"line":23,"column":82}},"11":{"start":{"line":25,"column":0},"end":{"line":25,"column":23}}},"fnMap":{"0":{"name":"(anonymous_0)","decl":{"start":{"line":23,"column":32},"end":{"line":23,"column":33}},"loc":{"start":{"line":23,"column":38},"end":{"line":23,"column":82}},"line":23}},"branchMap":{"0":{"loc":{"start":{"line":22,"column":13},"end":{"line":22,"column":37}},"type":"binary-expr","locations":[{"start":{"line":22,"column":13},"end":{"line":22,"column":29}},{"start":{"line":22,"column":33},"end":{"line":22,"column":37}}],"line":22}},"s":{"0":1,"1":1,"2":1,"3":1,"4":1,"5":1,"6":1,"7":1,"8":1,"9":1,"10":1,"11":1},"f":{"0":1},"b":{"0":[1,1]},"_coverageSchema":"1a1c01bbd47fc00a2c39e90264f33305004495a9","hash":"572aae735d3f004484d533073cc789092a1b34d6"}
,"C:\\Users\\Saad\\Desktop\\projects\\node-basics\\vidly-backend\\middleware\\admin.js": {"path":"C:\\Users\\Saad\\Desktop\\projects\\node-basics\\vidly-backend\\middleware\\admin.js","statementMap":{"0":{"start":{"line":1,"column":0},"end":{"line":4,"column":1}},"1":{"start":{"line":2,"column":4},"end":{"line":2,"column":63}},"2":{"start":{"line":2,"column":26},"end":{"line":2,"column":63}},"3":{"start":{"line":3,"column":4},"end":{"line":3,"column":10}}},"fnMap":{"0":{"name":"(anonymous_0)","decl":{"start":{"line":1,"column":17},"end":{"line":1,"column":18}},"loc":{"start":{"line":1,"column":39},"end":{"line":4,"column":1}},"line":1}},"branchMap":{"0":{"loc":{"start":{"line":2,"column":4},"end":{"line":2,"column":63}},"type":"if","locations":[{"start":{"line":2,"column":4},"end":{"line":2,"column":63}},{"start":{"line":2,"column":4},"end":{"line":2,"column":63}}],"line":2}},"s":{"0":1,"1":0,"2":0,"3":0},"f":{"0":0},"b":{"0":[0,0]},"_coverageSchema":"1a1c01bbd47fc00a2c39e90264f33305004495a9","hash":"cc99b3341f426fe0ce73eb38259010906c64f030"}
,"C:\\Users\\Saad\\Desktop\\projects\\node-basics\\vidly-backend\\middleware\\auth.js": {"path":"C:\\Users\\Saad\\Desktop\\projects\\node-basics\\vidly-backend\\middleware\\auth.js","statementMap":{"0":{"start":{"line":1,"column":12},"end":{"line":1,"column":35}},"1":{"start":{"line":2,"column":15},"end":{"line":2,"column":32}},"2":{"start":{"line":5,"column":18},"end":{"line":5,"column":44}},"3":{"start":{"line":6,"column":4},"end":{"line":6,"column":76}},"4":{"start":{"line":6,"column":15},"end":{"line":6,"column":76}},"5":{"start":{"line":8,"column":4},"end":{"line":15,"column":5}},"6":{"start":{"line":9,"column":24},"end":{"line":9,"column":70}},"7":{"start":{"line":10,"column":8},"end":{"line":10,"column":26}},"8":{"start":{"line":11,"column":8},"end":{"line":11,"column":14}},"9":{"start":{"line":14,"column":8},"end":{"line":14,"column":45}},"10":{"start":{"line":18,"column":0},"end":{"line":18,"column":21}}},"fnMap":{"0":{"name":"auth","decl":{"start":{"line":4,"column":9},"end":{"line":4,"column":13}},"loc":{"start":{"line":4,"column":27},"end":{"line":16,"column":1}},"line":4}},"branchMap":{"0":{"loc":{"start":{"line":6,"column":4},"end":{"line":6,"column":76}},"type":"if","locations":[{"start":{"line":6,"column":4},"end":{"line":6,"column":76}},{"start":{"line":6,"column":4},"end":{"line":6,"column":76}}],"line":6}},"s":{"0":1,"1":1,"2":9,"3":9,"4":1,"5":8,"6":8,"7":8,"8":8,"9":0,"10":1},"f":{"0":9},"b":{"0":[1,8]},"_coverageSchema":"1a1c01bbd47fc00a2c39e90264f33305004495a9","hash":"b7b43dcfcb7d4f2e8d4cee780dade70b15d11a36"}
,"C:\\Users\\Saad\\Desktop\\projects\\node-basics\\vidly-backend\\middleware\\error.js": {"path":"C:\\Users\\Saad\\Desktop\\projects\\node-basics\\vidly-backend\\middleware\\error.js","statementMap":{"0":{"start":{"line":1,"column":16},"end":{"line":1,"column":34}},"1":{"start":{"line":3,"column":0},"end":{"line":6,"column":1}},"2":{"start":{"line":4,"column":4},"end":{"line":4,"column":39}},"3":{"start":{"line":5,"column":4},"end":{"line":5,"column":44}}},"fnMap":{"0":{"name":"(anonymous_0)","decl":{"start":{"line":3,"column":17},"end":{"line":3,"column":18}},"loc":{"start":{"line":3,"column":49},"end":{"line":6,"column":1}},"line":3}},"branchMap":{},"s":{"0":1,"1":1,"2":5,"3":5},"f":{"0":5},"b":{},"_coverageSchema":"1a1c01bbd47fc00a2c39e90264f33305004495a9","hash":"6d1db0914c1c0ba8af2e63ccdd9892df9daceebb"}
,"C:\\Users\\Saad\\Desktop\\projects\\node-basics\\vidly-backend\\middleware\\validateId.js": {"path":"C:\\Users\\Saad\\Desktop\\projects\\node-basics\\vidly-backend\\middleware\\validateId.js","statementMap":{"0":{"start":{"line":1,"column":17},"end":{"line":1,"column":36}},"1":{"start":{"line":3,"column":0},"end":{"line":7,"column":1}},"2":{"start":{"line":4,"column":4},"end":{"line":5,"column":49}},"3":{"start":{"line":5,"column":8},"end":{"line":5,"column":49}},"4":{"start":{"line":6,"column":4},"end":{"line":6,"column":10}}},"fnMap":{"0":{"name":"(anonymous_0)","decl":{"start":{"line":3,"column":17},"end":{"line":3,"column":18}},"loc":{"start":{"line":3,"column":42},"end":{"line":7,"column":1}},"line":3}},"branchMap":{"0":{"loc":{"start":{"line":4,"column":4},"end":{"line":5,"column":49}},"type":"if","locations":[{"start":{"line":4,"column":4},"end":{"line":5,"column":49}},{"start":{"line":4,"column":4},"end":{"line":5,"column":49}}],"line":4}},"s":{"0":1,"1":1,"2":0,"3":0,"4":0},"f":{"0":0},"b":{"0":[0,0]},"_coverageSchema":"1a1c01bbd47fc00a2c39e90264f33305004495a9","hash":"d1de56775cd5e88c1cba4ec4b66e1351ad5922f5"}
,"C:\\Users\\Saad\\Desktop\\projects\\node-basics\\vidly-backend\\models\\customer.js": {"path":"C:\\Users\\Saad\\Desktop\\projects\\node-basics\\vidly-backend\\models\\customer.js","statementMap":{"0":{"start":{"line":1,"column":17},"end":{"line":1,"column":36}},"1":{"start":{"line":2,"column":12},"end":{"line":2,"column":26}},"2":{"start":{"line":3,"column":23},"end":{"line":16,"column":2}},"3":{"start":{"line":18,"column":17},"end":{"line":18,"column":59}},"4":{"start":{"line":21,"column":19},"end":{"line":25,"column":6}},"5":{"start":{"line":26,"column":4},"end":{"line":26,"column":31}},"6":{"start":{"line":29,"column":0},"end":{"line":29,"column":28}},"7":{"start":{"line":30,"column":0},"end":{"line":30,"column":28}},"8":{"start":{"line":31,"column":0},"end":{"line":31,"column":40}}},"fnMap":{"0":{"name":"validate","decl":{"start":{"line":20,"column":9},"end":{"line":20,"column":17}},"loc":{"start":{"line":20,"column":23},"end":{"line":27,"column":1}},"line":20}},"branchMap":{},"s":{"0":1,"1":1,"2":1,"3":1,"4":0,"5":0,"6":1,"7":1,"8":1},"f":{"0":0},"b":{},"_coverageSchema":"1a1c01bbd47fc00a2c39e90264f33305004495a9","hash":"3f7269b253ec8743e8006079899eabc53b9fd225"}
,"C:\\Users\\Saad\\Desktop\\projects\\node-basics\\vidly-backend\\models\\genre.js": {"path":"C:\\Users\\Saad\\Desktop\\projects\\node-basics\\vidly-backend\\models\\genre.js","statementMap":{"0":{"start":{"line":1,"column":17},"end":{"line":1,"column":36}},"1":{"start":{"line":2,"column":12},"end":{"line":2,"column":26}},"2":{"start":{"line":4,"column":20},"end":{"line":6,"column":2}},"3":{"start":{"line":8,"column":14},"end":{"line":8,"column":50}},"4":{"start":{"line":11,"column":19},"end":{"line":13,"column":6}},"5":{"start":{"line":14,"column":4},"end":{"line":14,"column":31}},"6":{"start":{"line":17,"column":0},"end":{"line":17,"column":27}},"7":{"start":{"line":18,"column":0},"end":{"line":18,"column":21}},"8":{"start":{"line":19,"column":0},"end":{"line":19,"column":33}}},"fnMap":{"0":{"name":"validate","decl":{"start":{"line":10,"column":9},"end":{"line":10,"column":17}},"loc":{"start":{"line":10,"column":22},"end":{"line":15,"column":1}},"line":10}},"branchMap":{},"s":{"0":1,"1":1,"2":1,"3":1,"4":0,"5":0,"6":1,"7":1,"8":1},"f":{"0":0},"b":{},"_coverageSchema":"1a1c01bbd47fc00a2c39e90264f33305004495a9","hash":"12904b9ae7cf0e8a1b79251f6c8f8e9eb72a7a44"}
,"C:\\Users\\Saad\\Desktop\\projects\\node-basics\\vidly-backend\\models\\movie.js": {"path":"C:\\Users\\Saad\\Desktop\\projects\\node-basics\\vidly-backend\\models\\movie.js","statementMap":{"0":{"start":{"line":1,"column":17},"end":{"line":1,"column":36}},"1":{"start":{"line":2,"column":12},"end":{"line":2,"column":26}},"2":{"start":{"line":3,"column":24},"end":{"line":3,"column":42}},"3":{"start":{"line":5,"column":20},"end":{"line":24,"column":2}},"4":{"start":{"line":26,"column":14},"end":{"line":26,"column":51}},"5":{"start":{"line":29,"column":19},"end":{"line":34,"column":6}},"6":{"start":{"line":35,"column":4},"end":{"line":35,"column":31}},"7":{"start":{"line":38,"column":0},"end":{"line":38,"column":22}},"8":{"start":{"line":39,"column":0},"end":{"line":39,"column":28}},"9":{"start":{"line":40,"column":0},"end":{"line":40,"column":34}}},"fnMap":{"0":{"name":"validate","decl":{"start":{"line":28,"column":9},"end":{"line":28,"column":17}},"loc":{"start":{"line":28,"column":23},"end":{"line":36,"column":1}},"line":28}},"branchMap":{},"s":{"0":1,"1":1,"2":1,"3":1,"4":1,"5":0,"6":0,"7":1,"8":1,"9":1},"f":{"0":0},"b":{},"_coverageSchema":"1a1c01bbd47fc00a2c39e90264f33305004495a9","hash":"3a70000d168308113b543b70edd29a991dc2ce80"}
,"C:\\Users\\Saad\\Desktop\\projects\\node-basics\\vidly-backend\\models\\rental.js": {"path":"C:\\Users\\Saad\\Desktop\\projects\\node-basics\\vidly-backend\\models\\rental.js","statementMap":{"0":{"start":{"line":1,"column":17},"end":{"line":1,"column":36}},"1":{"start":{"line":2,"column":12},"end":{"line":2,"column":26}},"2":{"start":{"line":3,"column":21},"end":{"line":52,"column":2}},"3":{"start":{"line":54,"column":15},"end":{"line":54,"column":54}},"4":{"start":{"line":57,"column":19},"end":{"line":60,"column":6}},"5":{"start":{"line":61,"column":4},"end":{"line":61,"column":31}},"6":{"start":{"line":64,"column":0},"end":{"line":64,"column":24}},"7":{"start":{"line":65,"column":0},"end":{"line":65,"column":28}}},"fnMap":{"0":{"name":"validate","decl":{"start":{"line":56,"column":9},"end":{"line":56,"column":17}},"loc":{"start":{"line":56,"column":23},"end":{"line":62,"column":1}},"line":56}},"branchMap":{},"s":{"0":1,"1":1,"2":1,"3":1,"4":0,"5":0,"6":1,"7":1},"f":{"0":0},"b":{},"_coverageSchema":"1a1c01bbd47fc00a2c39e90264f33305004495a9","hash":"d78e36c8d28dda82b46b8d3a3b7e1b824f329ad8"}
,"C:\\Users\\Saad\\Desktop\\projects\\node-basics\\vidly-backend\\models\\user.js": {"path":"C:\\Users\\Saad\\Desktop\\projects\\node-basics\\vidly-backend\\models\\user.js","statementMap":{"0":{"start":{"line":1,"column":17},"end":{"line":1,"column":36}},"1":{"start":{"line":2,"column":12},"end":{"line":2,"column":26}},"2":{"start":{"line":3,"column":12},"end":{"line":3,"column":35}},"3":{"start":{"line":4,"column":15},"end":{"line":4,"column":32}},"4":{"start":{"line":6,"column":19},"end":{"line":27,"column":2}},"5":{"start":{"line":29,"column":0},"end":{"line":31,"column":1}},"6":{"start":{"line":30,"column":4},"end":{"line":30,"column":88}},"7":{"start":{"line":33,"column":13},"end":{"line":33,"column":47}},"8":{"start":{"line":36,"column":19},"end":{"line":40,"column":6}},"9":{"start":{"line":41,"column":4},"end":{"line":41,"column":31}},"10":{"start":{"line":44,"column":0},"end":{"line":44,"column":27}},"11":{"start":{"line":45,"column":0},"end":{"line":45,"column":19}},"12":{"start":{"line":46,"column":0},"end":{"line":46,"column":31}}},"fnMap":{"0":{"name":"(anonymous_0)","decl":{"start":{"line":29,"column":34},"end":{"line":29,"column":35}},"loc":{"start":{"line":29,"column":45},"end":{"line":31,"column":1}},"line":29},"1":{"name":"validate","decl":{"start":{"line":35,"column":9},"end":{"line":35,"column":17}},"loc":{"start":{"line":35,"column":22},"end":{"line":42,"column":1}},"line":35}},"branchMap":{},"s":{"0":1,"1":1,"2":1,"3":1,"4":1,"5":1,"6":9,"7":1,"8":0,"9":0,"10":1,"11":1,"12":1},"f":{"0":9,"1":0},"b":{},"_coverageSchema":"1a1c01bbd47fc00a2c39e90264f33305004495a9","hash":"621e39df079412b237b3f3634317195beddcd1fb"}
,"C:\\Users\\Saad\\Desktop\\projects\\node-basics\\vidly-backend\\routes\\authController.js": {"path":"C:\\Users\\Saad\\Desktop\\projects\\node-basics\\vidly-backend\\routes\\authController.js","statementMap":{"0":{"start":{"line":1,"column":16},"end":{"line":1,"column":34}},"1":{"start":{"line":2,"column":15},"end":{"line":2,"column":31}},"2":{"start":{"line":3,"column":15},"end":{"line":3,"column":32}},"3":{"start":{"line":4,"column":17},"end":{"line":4,"column":42}},"4":{"start":{"line":5,"column":10},"end":{"line":5,"column":27}},"5":{"start":{"line":6,"column":12},"end":{"line":6,"column":26}},"6":{"start":{"line":8,"column":0},"end":{"line":18,"column":2}},"7":{"start":{"line":9,"column":22},"end":{"line":9,"column":40}},"8":{"start":{"line":10,"column":4},"end":{"line":10,"column":68}},"9":{"start":{"line":10,"column":15},"end":{"line":10,"column":68}},"10":{"start":{"line":11,"column":15},"end":{"line":11,"column":60}},"11":{"start":{"line":12,"column":4},"end":{"line":12,"column":21}},"12":{"start":{"line":13,"column":4},"end":{"line":13,"column":71}},"13":{"start":{"line":13,"column":15},"end":{"line":13,"column":71}},"14":{"start":{"line":14,"column":26},"end":{"line":14,"column":80}},"15":{"start":{"line":15,"column":4},"end":{"line":15,"column":80}},"16":{"start":{"line":15,"column":24},"end":{"line":15,"column":80}},"17":{"start":{"line":16,"column":18},"end":{"line":16,"column":37}},"18":{"start":{"line":17,"column":4},"end":{"line":17,"column":26}},"19":{"start":{"line":21,"column":19},"end":{"line":24,"column":6}},"20":{"start":{"line":25,"column":4},"end":{"line":25,"column":31}},"21":{"start":{"line":28,"column":0},"end":{"line":28,"column":23}}},"fnMap":{"0":{"name":"(anonymous_0)","decl":{"start":{"line":8,"column":17},"end":{"line":8,"column":18}},"loc":{"start":{"line":8,"column":37},"end":{"line":18,"column":1}},"line":8},"1":{"name":"validate","decl":{"start":{"line":20,"column":9},"end":{"line":20,"column":17}},"loc":{"start":{"line":20,"column":23},"end":{"line":26,"column":1}},"line":20}},"branchMap":{"0":{"loc":{"start":{"line":10,"column":4},"end":{"line":10,"column":68}},"type":"if","locations":[{"start":{"line":10,"column":4},"end":{"line":10,"column":68}},{"start":{"line":10,"column":4},"end":{"line":10,"column":68}}],"line":10},"1":{"loc":{"start":{"line":13,"column":4},"end":{"line":13,"column":71}},"type":"if","locations":[{"start":{"line":13,"column":4},"end":{"line":13,"column":71}},{"start":{"line":13,"column":4},"end":{"line":13,"column":71}}],"line":13},"2":{"loc":{"start":{"line":15,"column":4},"end":{"line":15,"column":80}},"type":"if","locations":[{"start":{"line":15,"column":4},"end":{"line":15,"column":80}},{"start":{"line":15,"column":4},"end":{"line":15,"column":80}}],"line":15}},"s":{"0":1,"1":1,"2":1,"3":1,"4":1,"5":1,"6":1,"7":0,"8":0,"9":0,"10":0,"11":0,"12":0,"13":0,"14":0,"15":0,"16":0,"17":0,"18":0,"19":0,"20":0,"21":1},"f":{"0":0,"1":0},"b":{"0":[0,0],"1":[0,0],"2":[0,0]},"_coverageSchema":"1a1c01bbd47fc00a2c39e90264f33305004495a9","hash":"d3afbe97e89c3a1d4617dd3763e05b150b70716d"}
,"C:\\Users\\Saad\\Desktop\\projects\\node-basics\\vidly-backend\\routes\\customersController.js": {"path":"C:\\Users\\Saad\\Desktop\\projects\\node-basics\\vidly-backend\\routes\\customersController.js","statementMap":{"0":{"start":{"line":1,"column":16},"end":{"line":1,"column":34}},"1":{"start":{"line":2,"column":15},"end":{"line":2,"column":31}},"2":{"start":{"line":3,"column":31},"end":{"line":3,"column":60}},"3":{"start":{"line":5,"column":0},"end":{"line":5,"column":68}},"4":{"start":{"line":5,"column":36},"end":{"line":5,"column":67}},"5":{"start":{"line":7,"column":0},"end":{"line":11,"column":2}},"6":{"start":{"line":8,"column":21},"end":{"line":8,"column":59}},"7":{"start":{"line":9,"column":4},"end":{"line":9,"column":68}},"8":{"start":{"line":9,"column":19},"end":{"line":9,"column":68}},"9":{"start":{"line":10,"column":4},"end":{"line":10,"column":22}},"10":{"start":{"line":13,"column":0},"end":{"line":25,"column":2}},"11":{"start":{"line":14,"column":22},"end":{"line":14,"column":40}},"12":{"start":{"line":15,"column":4},"end":{"line":15,"column":68}},"13":{"start":{"line":15,"column":15},"end":{"line":15,"column":68}},"14":{"start":{"line":17,"column":21},"end":{"line":21,"column":6}},"15":{"start":{"line":22,"column":4},"end":{"line":22,"column":25}},"16":{"start":{"line":23,"column":4},"end":{"line":23,"column":36}},"17":{"start":{"line":24,"column":4},"end":{"line":24,"column":22}},"18":{"start":{"line":27,"column":0},"end":{"line":40,"column":2}},"19":{"start":{"line":28,"column":22},"end":{"line":28,"column":40}},"20":{"start":{"line":29,"column":4},"end":{"line":29,"column":68}},"21":{"start":{"line":29,"column":15},"end":{"line":29,"column":68}},"22":{"start":{"line":30,"column":4},"end":{"line":39,"column":32}},"23":{"start":{"line":31,"column":25},"end":{"line":35,"column":25}},"24":{"start":{"line":36,"column":8},"end":{"line":36,"column":72}},"25":{"start":{"line":36,"column":23},"end":{"line":36,"column":72}},"26":{"start":{"line":37,"column":8},"end":{"line":37,"column":26}},"27":{"start":{"line":39,"column":12},"end":{"line":39,"column":30}},"28":{"start":{"line":39,"column":19},"end":{"line":39,"column":30}},"29":{"start":{"line":42,"column":0},"end":{"line":46,"column":2}},"30":{"start":{"line":43,"column":21},"end":{"line":43,"column":68}},"31":{"start":{"line":44,"column":4},"end":{"line":44,"column":68}},"32":{"start":{"line":44,"column":19},"end":{"line":44,"column":68}},"33":{"start":{"line":45,"column":4},"end":{"line":45,"column":23}},"34":{"start":{"line":48,"column":0},"end":{"line":48,"column":23}}},"fnMap":{"0":{"name":"(anonymous_0)","decl":{"start":{"line":5,"column":16},"end":{"line":5,"column":17}},"loc":{"start":{"line":5,"column":36},"end":{"line":5,"column":67}},"line":5},"1":{"name":"(anonymous_1)","decl":{"start":{"line":7,"column":19},"end":{"line":7,"column":20}},"loc":{"start":{"line":7,"column":39},"end":{"line":11,"column":1}},"line":7},"2":{"name":"(anonymous_2)","decl":{"start":{"line":13,"column":17},"end":{"line":13,"column":18}},"loc":{"start":{"line":13,"column":37},"end":{"line":25,"column":1}},"line":13},"3":{"name":"(anonymous_3)","decl":{"start":{"line":27,"column":19},"end":{"line":27,"column":20}},"loc":{"start":{"line":27,"column":39},"end":{"line":40,"column":1}},"line":27},"4":{"name":"(anonymous_4)","decl":{"start":{"line":39,"column":12},"end":{"line":39,"column":13}},"loc":{"start":{"line":39,"column":19},"end":{"line":39,"column":30}},"line":39},"5":{"name":"(anonymous_5)","decl":{"start":{"line":42,"column":22},"end":{"line":42,"column":23}},"loc":{"start":{"line":42,"column":42},"end":{"line":46,"column":1}},"line":42}},"branchMap":{"0":{"loc":{"start":{"line":9,"column":4},"end":{"line":9,"column":68}},"type":"if","locations":[{"start":{"line":9,"column":4},"end":{"line":9,"column":68}},{"start":{"line":9,"column":4},"end":{"line":9,"column":68}}],"line":9},"1":{"loc":{"start":{"line":15,"column":4},"end":{"line":15,"column":68}},"type":"if","locations":[{"start":{"line":15,"column":4},"end":{"line":15,"column":68}},{"start":{"line":15,"column":4},"end":{"line":15,"column":68}}],"line":15},"2":{"loc":{"start":{"line":29,"column":4},"end":{"line":29,"column":68}},"type":"if","locations":[{"start":{"line":29,"column":4},"end":{"line":29,"column":68}},{"start":{"line":29,"column":4},"end":{"line":29,"column":68}}],"line":29},"3":{"loc":{"start":{"line":36,"column":8},"end":{"line":36,"column":72}},"type":"if","locations":[{"start":{"line":36,"column":8},"end":{"line":36,"column":72}},{"start":{"line":36,"column":8},"end":{"line":36,"column":72}}],"line":36},"4":{"loc":{"start":{"line":44,"column":4},"end":{"line":44,"column":68}},"type":"if","locations":[{"start":{"line":44,"column":4},"end":{"line":44,"column":68}},{"start":{"line":44,"column":4},"end":{"line":44,"column":68}}],"line":44}},"s":{"0":1,"1":1,"2":1,"3":1,"4":0,"5":1,"6":0,"7":0,"8":0,"9":0,"10":1,"11":0,"12":0,"13":0,"14":0,"15":0,"16":0,"17":0,"18":1,"19":0,"20":0,"21":0,"22":0,"23":0,"24":0,"25":0,"26":0,"27":0,"28":0,"29":1,"30":0,"31":0,"32":0,"33":0,"34":1},"f":{"0":0,"1":0,"2":0,"3":0,"4":0,"5":0},"b":{"0":[0,0],"1":[0,0],"2":[0,0],"3":[0,0],"4":[0,0]},"_coverageSchema":"1a1c01bbd47fc00a2c39e90264f33305004495a9","hash":"144512744facf7cbd3a260238ad7daf76d1b05f2"}
,"C:\\Users\\Saad\\Desktop\\projects\\node-basics\\vidly-backend\\routes\\genreController.js": {"path":"C:\\Users\\Saad\\Desktop\\projects\\node-basics\\vidly-backend\\routes\\genreController.js","statementMap":{"0":{"start":{"line":1,"column":16},"end":{"line":1,"column":34}},"1":{"start":{"line":2,"column":15},"end":{"line":2,"column":31}},"2":{"start":{"line":3,"column":28},"end":{"line":3,"column":54}},"3":{"start":{"line":4,"column":13},"end":{"line":4,"column":42}},"4":{"start":{"line":5,"column":14},"end":{"line":5,"column":44}},"5":{"start":{"line":6,"column":19},"end":{"line":6,"column":54}},"6":{"start":{"line":8,"column":0},"end":{"line":8,"column":65}},"7":{"start":{"line":8,"column":36},"end":{"line":8,"column":64}},"8":{"start":{"line":10,"column":0},"end":{"line":14,"column":2}},"9":{"start":{"line":11,"column":18},"end":{"line":11,"column":53}},"10":{"start":{"line":12,"column":4},"end":{"line":12,"column":62}},"11":{"start":{"line":12,"column":16},"end":{"line":12,"column":62}},"12":{"start":{"line":13,"column":4},"end":{"line":13,"column":19}},"13":{"start":{"line":16,"column":0},"end":{"line":23,"column":2}},"14":{"start":{"line":17,"column":22},"end":{"line":17,"column":40}},"15":{"start":{"line":18,"column":4},"end":{"line":18,"column":68}},"16":{"start":{"line":18,"column":15},"end":{"line":18,"column":68}},"17":{"start":{"line":19,"column":18},"end":{"line":19,"column":52}},"18":{"start":{"line":20,"column":4},"end":{"line":20,"column":22}},"19":{"start":{"line":21,"column":4},"end":{"line":21,"column":33}},"20":{"start":{"line":22,"column":4},"end":{"line":22,"column":19}},"21":{"start":{"line":25,"column":0},"end":{"line":31,"column":2}},"22":{"start":{"line":26,"column":22},"end":{"line":26,"column":40}},"23":{"start":{"line":27,"column":4},"end":{"line":27,"column":68}},"24":{"start":{"line":27,"column":15},"end":{"line":27,"column":68}},"25":{"start":{"line":28,"column":18},"end":{"line":28,"column":102}},"26":{"start":{"line":29,"column":4},"end":{"line":29,"column":62}},"27":{"start":{"line":29,"column":16},"end":{"line":29,"column":62}},"28":{"start":{"line":30,"column":4},"end":{"line":30,"column":19}},"29":{"start":{"line":33,"column":0},"end":{"line":37,"column":2}},"30":{"start":{"line":34,"column":18},"end":{"line":34,"column":62}},"31":{"start":{"line":35,"column":4},"end":{"line":35,"column":62}},"32":{"start":{"line":35,"column":16},"end":{"line":35,"column":62}},"33":{"start":{"line":36,"column":4},"end":{"line":36,"column":23}},"34":{"start":{"line":39,"column":0},"end":{"line":39,"column":23}}},"fnMap":{"0":{"name":"(anonymous_0)","decl":{"start":{"line":8,"column":16},"end":{"line":8,"column":17}},"loc":{"start":{"line":8,"column":36},"end":{"line":8,"column":64}},"line":8},"1":{"name":"(anonymous_1)","decl":{"start":{"line":10,"column":31},"end":{"line":10,"column":32}},"loc":{"start":{"line":10,"column":51},"end":{"line":14,"column":1}},"line":10},"2":{"name":"(anonymous_2)","decl":{"start":{"line":16,"column":23},"end":{"line":16,"column":24}},"loc":{"start":{"line":16,"column":43},"end":{"line":23,"column":1}},"line":16},"3":{"name":"(anonymous_3)","decl":{"start":{"line":25,"column":25},"end":{"line":25,"column":26}},"loc":{"start":{"line":25,"column":45},"end":{"line":31,"column":1}},"line":25},"4":{"name":"(anonymous_4)","decl":{"start":{"line":33,"column":37},"end":{"line":33,"column":38}},"loc":{"start":{"line":33,"column":57},"end":{"line":37,"column":1}},"line":33}},"branchMap":{"0":{"loc":{"start":{"line":12,"column":4},"end":{"line":12,"column":62}},"type":"if","locations":[{"start":{"line":12,"column":4},"end":{"line":12,"column":62}},{"start":{"line":12,"column":4},"end":{"line":12,"column":62}}],"line":12},"1":{"loc":{"start":{"line":18,"column":4},"end":{"line":18,"column":68}},"type":"if","locations":[{"start":{"line":18,"column":4},"end":{"line":18,"column":68}},{"start":{"line":18,"column":4},"end":{"line":18,"column":68}}],"line":18},"2":{"loc":{"start":{"line":27,"column":4},"end":{"line":27,"column":68}},"type":"if","locations":[{"start":{"line":27,"column":4},"end":{"line":27,"column":68}},{"start":{"line":27,"column":4},"end":{"line":27,"column":68}}],"line":27},"3":{"loc":{"start":{"line":29,"column":4},"end":{"line":29,"column":62}},"type":"if","locations":[{"start":{"line":29,"column":4},"end":{"line":29,"column":62}},{"start":{"line":29,"column":4},"end":{"line":29,"column":62}}],"line":29},"4":{"loc":{"start":{"line":35,"column":4},"end":{"line":35,"column":62}},"type":"if","locations":[{"start":{"line":35,"column":4},"end":{"line":35,"column":62}},{"start":{"line":35,"column":4},"end":{"line":35,"column":62}}],"line":35}},"s":{"0":1,"1":1,"2":1,"3":1,"4":1,"5":1,"6":1,"7":0,"8":1,"9":0,"10":0,"11":0,"12":0,"13":1,"14":0,"15":0,"16":0,"17":0,"18":0,"19":0,"20":0,"21":1,"22":0,"23":0,"24":0,"25":0,"26":0,"27":0,"28":0,"29":1,"30":0,"31":0,"32":0,"33":0,"34":1},"f":{"0":0,"1":0,"2":0,"3":0,"4":0},"b":{"0":[0,0],"1":[0,0],"2":[0,0],"3":[0,0],"4":[0,0]},"_coverageSchema":"1a1c01bbd47fc00a2c39e90264f33305004495a9","hash":"dc307d0bdac6c67d7cfd1d07a3276500388c6a6e"}
,"C:\\Users\\Saad\\Desktop\\projects\\node-basics\\vidly-backend\\routes\\moviesController.js": {"path":"C:\\Users\\Saad\\Desktop\\projects\\node-basics\\vidly-backend\\routes\\moviesController.js","statementMap":{"0":{"start":{"line":1,"column":16},"end":{"line":1,"column":34}},"1":{"start":{"line":2,"column":15},"end":{"line":2,"column":31}},"2":{"start":{"line":3,"column":28},"end":{"line":3,"column":54}},"3":{"start":{"line":4,"column":18},"end":{"line":4,"column":44}},"4":{"start":{"line":5,"column":13},"end":{"line":5,"column":42}},"5":{"start":{"line":7,"column":0},"end":{"line":7,"column":65}},"6":{"start":{"line":7,"column":36},"end":{"line":7,"column":64}},"7":{"start":{"line":9,"column":0},"end":{"line":13,"column":2}},"8":{"start":{"line":10,"column":18},"end":{"line":10,"column":53}},"9":{"start":{"line":11,"column":4},"end":{"line":11,"column":62}},"10":{"start":{"line":11,"column":16},"end":{"line":11,"column":62}},"11":{"start":{"line":12,"column":4},"end":{"line":12,"column":19}},"12":{"start":{"line":15,"column":0},"end":{"line":33,"column":2}},"13":{"start":{"line":16,"column":22},"end":{"line":16,"column":40}},"14":{"start":{"line":17,"column":4},"end":{"line":17,"column":68}},"15":{"start":{"line":17,"column":15},"end":{"line":17,"column":68}},"16":{"start":{"line":18,"column":18},"end":{"line":18,"column":56}},"17":{"start":{"line":19,"column":4},"end":{"line":19,"column":22}},"18":{"start":{"line":20,"column":4},"end":{"line":20,"column":60}},"19":{"start":{"line":20,"column":16},"end":{"line":20,"column":60}},"20":{"start":{"line":21,"column":18},"end":{"line":29,"column":6}},"21":{"start":{"line":30,"column":4},"end":{"line":30,"column":22}},"22":{"start":{"line":31,"column":4},"end":{"line":31,"column":33}},"23":{"start":{"line":32,"column":4},"end":{"line":32,"column":19}},"24":{"start":{"line":35,"column":0},"end":{"line":51,"column":2}},"25":{"start":{"line":36,"column":22},"end":{"line":36,"column":40}},"26":{"start":{"line":37,"column":4},"end":{"line":37,"column":68}},"27":{"start":{"line":37,"column":15},"end":{"line":37,"column":68}},"28":{"start":{"line":38,"column":18},"end":{"line":38,"column":56}},"29":{"start":{"line":39,"column":4},"end":{"line":39,"column":59}},"30":{"start":{"line":39,"column":15},"end":{"line":39,"column":59}},"31":{"start":{"line":40,"column":18},"end":{"line":48,"column":21}},"32":{"start":{"line":49,"column":4},"end":{"line":49,"column":62}},"33":{"start":{"line":49,"column":16},"end":{"line":49,"column":62}},"34":{"start":{"line":50,"column":4},"end":{"line":50,"column":19}},"35":{"start":{"line":53,"column":0},"end":{"line":57,"column":2}},"36":{"start":{"line":54,"column":18},"end":{"line":54,"column":62}},"37":{"start":{"line":55,"column":4},"end":{"line":55,"column":62}},"38":{"start":{"line":55,"column":16},"end":{"line":55,"column":62}},"39":{"start":{"line":56,"column":4},"end":{"line":56,"column":23}},"40":{"start":{"line":59,"column":0},"end":{"line":59,"column":23}}},"fnMap":{"0":{"name":"(anonymous_0)","decl":{"start":{"line":7,"column":16},"end":{"line":7,"column":17}},"loc":{"start":{"line":7,"column":36},"end":{"line":7,"column":64}},"line":7},"1":{"name":"(anonymous_1)","decl":{"start":{"line":9,"column":19},"end":{"line":9,"column":20}},"loc":{"start":{"line":9,"column":39},"end":{"line":13,"column":1}},"line":9},"2":{"name":"(anonymous_2)","decl":{"start":{"line":15,"column":23},"end":{"line":15,"column":24}},"loc":{"start":{"line":15,"column":43},"end":{"line":33,"column":1}},"line":15},"3":{"name":"(anonymous_3)","decl":{"start":{"line":35,"column":25},"end":{"line":35,"column":26}},"loc":{"start":{"line":35,"column":45},"end":{"line":51,"column":1}},"line":35},"4":{"name":"(anonymous_4)","decl":{"start":{"line":53,"column":22},"end":{"line":53,"column":23}},"loc":{"start":{"line":53,"column":42},"end":{"line":57,"column":1}},"line":53}},"branchMap":{"0":{"loc":{"start":{"line":11,"column":4},"end":{"line":11,"column":62}},"type":"if","locations":[{"start":{"line":11,"column":4},"end":{"line":11,"column":62}},{"start":{"line":11,"column":4},"end":{"line":11,"column":62}}],"line":11},"1":{"loc":{"start":{"line":17,"column":4},"end":{"line":17,"column":68}},"type":"if","locations":[{"start":{"line":17,"column":4},"end":{"line":17,"column":68}},{"start":{"line":17,"column":4},"end":{"line":17,"column":68}}],"line":17},"2":{"loc":{"start":{"line":20,"column":4},"end":{"line":20,"column":60}},"type":"if","locations":[{"start":{"line":20,"column":4},"end":{"line":20,"column":60}},{"start":{"line":20,"column":4},"end":{"line":20,"column":60}}],"line":20},"3":{"loc":{"start":{"line":37,"column":4},"end":{"line":37,"column":68}},"type":"if","locations":[{"start":{"line":37,"column":4},"end":{"line":37,"column":68}},{"start":{"line":37,"column":4},"end":{"line":37,"column":68}}],"line":37},"4":{"loc":{"start":{"line":39,"column":4},"end":{"line":39,"column":59}},"type":"if","locations":[{"start":{"line":39,"column":4},"end":{"line":39,"column":59}},{"start":{"line":39,"column":4},"end":{"line":39,"column":59}}],"line":39},"5":{"loc":{"start":{"line":49,"column":4},"end":{"line":49,"column":62}},"type":"if","locations":[{"start":{"line":49,"column":4},"end":{"line":49,"column":62}},{"start":{"line":49,"column":4},"end":{"line":49,"column":62}}],"line":49},"6":{"loc":{"start":{"line":55,"column":4},"end":{"line":55,"column":62}},"type":"if","locations":[{"start":{"line":55,"column":4},"end":{"line":55,"column":62}},{"start":{"line":55,"column":4},"end":{"line":55,"column":62}}],"line":55}},"s":{"0":1,"1":1,"2":1,"3":1,"4":1,"5":1,"6":0,"7":1,"8":0,"9":0,"10":0,"11":0,"12":1,"13":0,"14":0,"15":0,"16":0,"17":0,"18":0,"19":0,"20":0,"21":0,"22":0,"23":0,"24":1,"25":0,"26":0,"27":0,"28":0,"29":0,"30":0,"31":0,"32":0,"33":0,"34":0,"35":1,"36":0,"37":0,"38":0,"39":0,"40":1},"f":{"0":0,"1":0,"2":0,"3":0,"4":0},"b":{"0":[0,0],"1":[0,0],"2":[0,0],"3":[0,0],"4":[0,0],"5":[0,0],"6":[0,0]},"_coverageSchema":"1a1c01bbd47fc00a2c39e90264f33305004495a9","hash":"f9635167e544b42202833165cd1947c5afdb17e0"}
,"C:\\Users\\Saad\\Desktop\\projects\\node-basics\\vidly-backend\\routes\\rentalsController.js": {"path":"C:\\Users\\Saad\\Desktop\\projects\\node-basics\\vidly-backend\\routes\\rentalsController.js","statementMap":{"0":{"start":{"line":1,"column":16},"end":{"line":1,"column":34}},"1":{"start":{"line":2,"column":15},"end":{"line":2,"column":31}},"2":{"start":{"line":3,"column":30},"end":{"line":3,"column":57}},"3":{"start":{"line":4,"column":18},"end":{"line":4,"column":44}},"4":{"start":{"line":5,"column":21},"end":{"line":5,"column":50}},"5":{"start":{"line":6,"column":13},"end":{"line":6,"column":28}},"6":{"start":{"line":7,"column":17},"end":{"line":7,"column":36}},"7":{"start":{"line":9,"column":0},"end":{"line":9,"column":19}},"8":{"start":{"line":11,"column":0},"end":{"line":11,"column":83}},"9":{"start":{"line":11,"column":36},"end":{"line":11,"column":82}},"10":{"start":{"line":13,"column":0},"end":{"line":17,"column":2}},"11":{"start":{"line":14,"column":19},"end":{"line":14,"column":55}},"12":{"start":{"line":15,"column":4},"end":{"line":15,"column":63}},"13":{"start":{"line":15,"column":17},"end":{"line":15,"column":63}},"14":{"start":{"line":16,"column":4},"end":{"line":16,"column":20}},"15":{"start":{"line":19,"column":0},"end":{"line":51,"column":2}},"16":{"start":{"line":20,"column":22},"end":{"line":20,"column":40}},"17":{"start":{"line":21,"column":4},"end":{"line":21,"column":68}},"18":{"start":{"line":21,"column":15},"end":{"line":21,"column":68}},"19":{"start":{"line":22,"column":18},"end":{"line":22,"column":56}},"20":{"start":{"line":23,"column":4},"end":{"line":23,"column":60}},"21":{"start":{"line":23,"column":16},"end":{"line":23,"column":60}},"22":{"start":{"line":24,"column":21},"end":{"line":24,"column":65}},"23":{"start":{"line":25,"column":4},"end":{"line":25,"column":63}},"24":{"start":{"line":25,"column":19},"end":{"line":25,"column":63}},"25":{"start":{"line":26,"column":4},"end":{"line":26,"column":84}},"26":{"start":{"line":26,"column":35},"end":{"line":26,"column":84}},"27":{"start":{"line":27,"column":17},"end":{"line":40,"column":6}},"28":{"start":{"line":41,"column":4},"end":{"line":50,"column":67}},"29":{"start":{"line":42,"column":8},"end":{"line":47,"column":18}},"30":{"start":{"line":48,"column":8},"end":{"line":48,"column":24}},"31":{"start":{"line":50,"column":12},"end":{"line":50,"column":65}},"32":{"start":{"line":50,"column":19},"end":{"line":50,"column":65}},"33":{"start":{"line":54,"column":0},"end":{"line":54,"column":23}}},"fnMap":{"0":{"name":"(anonymous_0)","decl":{"start":{"line":11,"column":16},"end":{"line":11,"column":17}},"loc":{"start":{"line":11,"column":36},"end":{"line":11,"column":82}},"line":11},"1":{"name":"(anonymous_1)","decl":{"start":{"line":13,"column":19},"end":{"line":13,"column":20}},"loc":{"start":{"line":13,"column":39},"end":{"line":17,"column":1}},"line":13},"2":{"name":"(anonymous_2)","decl":{"start":{"line":19,"column":17},"end":{"line":19,"column":18}},"loc":{"start":{"line":19,"column":37},"end":{"line":51,"column":1}},"line":19},"3":{"name":"(anonymous_3)","decl":{"start":{"line":50,"column":12},"end":{"line":50,"column":13}},"loc":{"start":{"line":50,"column":19},"end":{"line":50,"column":65}},"line":50}},"branchMap":{"0":{"loc":{"start":{"line":15,"column":4},"end":{"line":15,"column":63}},"type":"if","locations":[{"start":{"line":15,"column":4},"end":{"line":15,"column":63}},{"start":{"line":15,"column":4},"end":{"line":15,"column":63}}],"line":15},"1":{"loc":{"start":{"line":21,"column":4},"end":{"line":21,"column":68}},"type":"if","locations":[{"start":{"line":21,"column":4},"end":{"line":21,"column":68}},{"start":{"line":21,"column":4},"end":{"line":21,"column":68}}],"line":21},"2":{"loc":{"start":{"line":23,"column":4},"end":{"line":23,"column":60}},"type":"if","locations":[{"start":{"line":23,"column":4},"end":{"line":23,"column":60}},{"start":{"line":23,"column":4},"end":{"line":23,"column":60}}],"line":23},"3":{"loc":{"start":{"line":25,"column":4},"end":{"line":25,"column":63}},"type":"if","locations":[{"start":{"line":25,"column":4},"end":{"line":25,"column":63}},{"start":{"line":25,"column":4},"end":{"line":25,"column":63}}],"line":25},"4":{"loc":{"start":{"line":26,"column":4},"end":{"line":26,"column":84}},"type":"if","locations":[{"start":{"line":26,"column":4},"end":{"line":26,"column":84}},{"start":{"line":26,"column":4},"end":{"line":26,"column":84}}],"line":26}},"s":{"0":1,"1":1,"2":1,"3":1,"4":1,"5":1,"6":1,"7":1,"8":1,"9":0,"10":1,"11":0,"12":0,"13":0,"14":0,"15":1,"16":0,"17":0,"18":0,"19":0,"20":0,"21":0,"22":0,"23":0,"24":0,"25":0,"26":0,"27":0,"28":0,"29":0,"30":0,"31":0,"32":0,"33":1},"f":{"0":0,"1":0,"2":0,"3":0},"b":{"0":[0,0],"1":[0,0],"2":[0,0],"3":[0,0],"4":[0,0]},"_coverageSchema":"1a1c01bbd47fc00a2c39e90264f33305004495a9","hash":"d139d3913a0654ed9bb158dc6a42e6eb41c8ac8d"}
,"C:\\Users\\Saad\\Desktop\\projects\\node-basics\\vidly-backend\\routes\\returnsController.js": {"path":"C:\\Users\\Saad\\Desktop\\projects\\node-basics\\vidly-backend\\routes\\returnsController.js","statementMap":{"0":{"start":{"line":1,"column":16},"end":{"line":1,"column":34}},"1":{"start":{"line":2,"column":15},"end":{"line":2,"column":31}},"2":{"start":{"line":3,"column":19},"end":{"line":3,"column":46}},"3":{"start":{"line":4,"column":18},"end":{"line":4,"column":44}},"4":{"start":{"line":5,"column":13},"end":{"line":5,"column":42}},"5":{"start":{"line":6,"column":15},"end":{"line":6,"column":32}},"6":{"start":{"line":8,"column":0},"end":{"line":26,"column":2}},"7":{"start":{"line":9,"column":4},"end":{"line":9,"column":73}},"8":{"start":{"line":9,"column":27},"end":{"line":9,"column":73}},"9":{"start":{"line":10,"column":4},"end":{"line":10,"column":79}},"10":{"start":{"line":10,"column":30},"end":{"line":10,"column":79}},"11":{"start":{"line":11,"column":19},"end":{"line":14,"column":6}},"12":{"start":{"line":15,"column":4},"end":{"line":15,"column":64}},"13":{"start":{"line":15,"column":17},"end":{"line":15,"column":64}},"14":{"start":{"line":16,"column":4},"end":{"line":16,"column":85}},"15":{"start":{"line":16,"column":29},"end":{"line":16,"column":85}},"16":{"start":{"line":17,"column":4},"end":{"line":17,"column":36}},"17":{"start":{"line":18,"column":23},"end":{"line":18,"column":60}},"18":{"start":{"line":19,"column":17},"end":{"line":19,"column":45}},"19":{"start":{"line":20,"column":4},"end":{"line":20,"column":40}},"20":{"start":{"line":21,"column":4},"end":{"line":21,"column":23}},"21":{"start":{"line":22,"column":4},"end":{"line":24,"column":6}},"22":{"start":{"line":25,"column":4},"end":{"line":25,"column":45}},"23":{"start":{"line":28,"column":0},"end":{"line":28,"column":23}}},"fnMap":{"0":{"name":"(anonymous_0)","decl":{"start":{"line":8,"column":23},"end":{"line":8,"column":24}},"loc":{"start":{"line":8,"column":43},"end":{"line":26,"column":1}},"line":8}},"branchMap":{"0":{"loc":{"start":{"line":9,"column":4},"end":{"line":9,"column":73}},"type":"if","locations":[{"start":{"line":9,"column":4},"end":{"line":9,"column":73}},{"start":{"line":9,"column":4},"end":{"line":9,"column":73}}],"line":9},"1":{"loc":{"start":{"line":10,"column":4},"end":{"line":10,"column":79}},"type":"if","locations":[{"start":{"line":10,"column":4},"end":{"line":10,"column":79}},{"start":{"line":10,"column":4},"end":{"line":10,"column":79}}],"line":10},"2":{"loc":{"start":{"line":15,"column":4},"end":{"line":15,"column":64}},"type":"if","locations":[{"start":{"line":15,"column":4},"end":{"line":15,"column":64}},{"start":{"line":15,"column":4},"end":{"line":15,"column":64}}],"line":15},"3":{"loc":{"start":{"line":16,"column":4},"end":{"line":16,"column":85}},"type":"if","locations":[{"start":{"line":16,"column":4},"end":{"line":16,"column":85}},{"start":{"line":16,"column":4},"end":{"line":16,"column":85}}],"line":16}},"s":{"0":1,"1":1,"2":1,"3":1,"4":1,"5":1,"6":1,"7":8,"8":1,"9":7,"10":1,"11":6,"12":6,"13":1,"14":5,"15":1,"16":4,"17":4,"18":4,"19":4,"20":4,"21":4,"22":0,"23":1},"f":{"0":8},"b":{"0":[1,7],"1":[1,6],"2":[1,5],"3":[1,4]},"_coverageSchema":"1a1c01bbd47fc00a2c39e90264f33305004495a9","hash":"2119735df09797c5e360643fb9195537509b90d4"}
,"C:\\Users\\Saad\\Desktop\\projects\\node-basics\\vidly-backend\\routes\\userController.js": {"path":"C:\\Users\\Saad\\Desktop\\projects\\node-basics\\vidly-backend\\routes\\userController.js","statementMap":{"0":{"start":{"line":1,"column":15},"end":{"line":1,"column":32}},"1":{"start":{"line":2,"column":12},"end":{"line":2,"column":35}},"2":{"start":{"line":3,"column":16},"end":{"line":3,"column":34}},"3":{"start":{"line":4,"column":15},"end":{"line":4,"column":31}},"4":{"start":{"line":5,"column":10},"end":{"line":5,"column":27}},"5":{"start":{"line":6,"column":15},"end":{"line":6,"column":32}},"6":{"start":{"line":7,"column":27},"end":{"line":7,"column":52}},"7":{"start":{"line":8,"column":13},"end":{"line":8,"column":42}},"8":{"start":{"line":10,"column":0},"end":{"line":13,"column":2}},"9":{"start":{"line":11,"column":18},"end":{"line":11,"column":77}},"10":{"start":{"line":12,"column":4},"end":{"line":12,"column":18}},"11":{"start":{"line":15,"column":0},"end":{"line":27,"column":2}},"12":{"start":{"line":16,"column":22},"end":{"line":16,"column":40}},"13":{"start":{"line":17,"column":4},"end":{"line":17,"column":68}},"14":{"start":{"line":17,"column":15},"end":{"line":17,"column":68}},"15":{"start":{"line":18,"column":15},"end":{"line":18,"column":58}},"16":{"start":{"line":19,"column":4},"end":{"line":19,"column":67}},"17":{"start":{"line":19,"column":13},"end":{"line":19,"column":67}},"18":{"start":{"line":20,"column":4},"end":{"line":20,"column":68}},"19":{"start":{"line":21,"column":17},"end":{"line":21,"column":41}},"20":{"start":{"line":22,"column":4},"end":{"line":22,"column":58}},"21":{"start":{"line":23,"column":4},"end":{"line":23,"column":21}},"22":{"start":{"line":24,"column":18},"end":{"line":24,"column":37}},"23":{"start":{"line":25,"column":4},"end":{"line":25,"column":32}},"24":{"start":{"line":26,"column":4},"end":{"line":26,"column":75}},"25":{"start":{"line":29,"column":0},"end":{"line":39,"column":2}},"26":{"start":{"line":30,"column":22},"end":{"line":30,"column":40}},"27":{"start":{"line":31,"column":4},"end":{"line":31,"column":68}},"28":{"start":{"line":31,"column":15},"end":{"line":31,"column":68}},"29":{"start":{"line":32,"column":17},"end":{"line":36,"column":21}},"30":{"start":{"line":37,"column":4},"end":{"line":37,"column":60}},"31":{"start":{"line":37,"column":15},"end":{"line":37,"column":60}},"32":{"start":{"line":38,"column":4},"end":{"line":38,"column":18}},"33":{"start":{"line":41,"column":0},"end":{"line":45,"column":2}},"34":{"start":{"line":42,"column":17},"end":{"line":42,"column":60}},"35":{"start":{"line":43,"column":4},"end":{"line":43,"column":60}},"36":{"start":{"line":43,"column":15},"end":{"line":43,"column":60}},"37":{"start":{"line":44,"column":4},"end":{"line":44,"column":23}},"38":{"start":{"line":47,"column":0},"end":{"line":47,"column":23}}},"fnMap":{"0":{"name":"(anonymous_0)","decl":{"start":{"line":10,"column":24},"end":{"line":10,"column":25}},"loc":{"start":{"line":10,"column":44},"end":{"line":13,"column":1}},"line":10},"1":{"name":"(anonymous_1)","decl":{"start":{"line":15,"column":17},"end":{"line":15,"column":18}},"loc":{"start":{"line":15,"column":37},"end":{"line":27,"column":1}},"line":15},"2":{"name":"(anonymous_2)","decl":{"start":{"line":29,"column":19},"end":{"line":29,"column":20}},"loc":{"start":{"line":29,"column":39},"end":{"line":39,"column":1}},"line":29},"3":{"name":"(anonymous_3)","decl":{"start":{"line":41,"column":28},"end":{"line":41,"column":29}},"loc":{"start":{"line":41,"column":48},"end":{"line":45,"column":1}},"line":41}},"branchMap":{"0":{"loc":{"start":{"line":17,"column":4},"end":{"line":17,"column":68}},"type":"if","locations":[{"start":{"line":17,"column":4},"end":{"line":17,"column":68}},{"start":{"line":17,"column":4},"end":{"line":17,"column":68}}],"line":17},"1":{"loc":{"start":{"line":19,"column":4},"end":{"line":19,"column":67}},"type":"if","locations":[{"start":{"line":19,"column":4},"end":{"line":19,"column":67}},{"start":{"line":19,"column":4},"end":{"line":19,"column":67}}],"line":19},"2":{"loc":{"start":{"line":31,"column":4},"end":{"line":31,"column":68}},"type":"if","locations":[{"start":{"line":31,"column":4},"end":{"line":31,"column":68}},{"start":{"line":31,"column":4},"end":{"line":31,"column":68}}],"line":31},"3":{"loc":{"start":{"line":37,"column":4},"end":{"line":37,"column":60}},"type":"if","locations":[{"start":{"line":37,"column":4},"end":{"line":37,"column":60}},{"start":{"line":37,"column":4},"end":{"line":37,"column":60}}],"line":37},"4":{"loc":{"start":{"line":43,"column":4},"end":{"line":43,"column":60}},"type":"if","locations":[{"start":{"line":43,"column":4},"end":{"line":43,"column":60}},{"start":{"line":43,"column":4},"end":{"line":43,"column":60}}],"line":43}},"s":{"0":1,"1":1,"2":1,"3":1,"4":1,"5":1,"6":1,"7":1,"8":1,"9":0,"10":0,"11":1,"12":0,"13":0,"14":0,"15":0,"16":0,"17":0,"18":0,"19":0,"20":0,"21":0,"22":0,"23":0,"24":0,"25":1,"26":0,"27":0,"28":0,"29":0,"30":0,"31":0,"32":0,"33":1,"34":0,"35":0,"36":0,"37":0,"38":1},"f":{"0":0,"1":0,"2":0,"3":0},"b":{"0":[0,0],"1":[0,0],"2":[0,0],"3":[0,0],"4":[0,0]},"_coverageSchema":"1a1c01bbd47fc00a2c39e90264f33305004495a9","hash":"6fe0f6ac4c6dc9258cee6741893e8249815b9cb8"}
,"C:\\Users\\Saad\\Desktop\\projects\\node-basics\\vidly-backend\\startup\\config.js": {"path":"C:\\Users\\Saad\\Desktop\\projects\\node-basics\\vidly-backend\\startup\\config.js","statementMap":{"0":{"start":{"line":1,"column":15},"end":{"line":1,"column":32}},"1":{"start":{"line":3,"column":0},"end":{"line":7,"column":1}},"2":{"start":{"line":4,"column":4},"end":{"line":6,"column":5}},"3":{"start":{"line":5,"column":8},"end":{"line":5,"column":65}}},"fnMap":{"0":{"name":"(anonymous_0)","decl":{"start":{"line":3,"column":17},"end":{"line":3,"column":18}},"loc":{"start":{"line":3,"column":29},"end":{"line":7,"column":1}},"line":3}},"branchMap":{"0":{"loc":{"start":{"line":4,"column":4},"end":{"line":6,"column":5}},"type":"if","locations":[{"start":{"line":4,"column":4},"end":{"line":6,"column":5}},{"start":{"line":4,"column":4},"end":{"line":6,"column":5}}],"line":4}},"s":{"0":1,"1":1,"2":1,"3":0},"f":{"0":1},"b":{"0":[0,1]},"_coverageSchema":"1a1c01bbd47fc00a2c39e90264f33305004495a9","hash":"10db91b725ba494bed0d01bea50b165ee236306c"}
,"C:\\Users\\Saad\\Desktop\\projects\\node-basics\\vidly-backend\\startup\\database.js": {"path":"C:\\Users\\Saad\\Desktop\\projects\\node-basics\\vidly-backend\\startup\\database.js","statementMap":{"0":{"start":{"line":1,"column":17},"end":{"line":1,"column":36}},"1":{"start":{"line":2,"column":16},"end":{"line":2,"column":34}},"2":{"start":{"line":3,"column":15},"end":{"line":3,"column":32}},"3":{"start":{"line":5,"column":17},"end":{"line":5,"column":33}},"4":{"start":{"line":6,"column":0},"end":{"line":9,"column":1}},"5":{"start":{"line":7,"column":4},"end":{"line":8,"column":56}},"6":{"start":{"line":8,"column":15},"end":{"line":8,"column":55}}},"fnMap":{"0":{"name":"(anonymous_0)","decl":{"start":{"line":6,"column":17},"end":{"line":6,"column":18}},"loc":{"start":{"line":6,"column":27},"end":{"line":9,"column":1}},"line":6},"1":{"name":"(anonymous_1)","decl":{"start":{"line":8,"column":10},"end":{"line":8,"column":11}},"loc":{"start":{"line":8,"column":15},"end":{"line":8,"column":55}},"line":8}},"branchMap":{},"s":{"0":1,"1":1,"2":1,"3":1,"4":1,"5":1,"6":1},"f":{"0":1,"1":1},"b":{},"_coverageSchema":"1a1c01bbd47fc00a2c39e90264f33305004495a9","hash":"02987f3d478929c715969fcc0987f47eb37f67b5"}
,"C:\\Users\\Saad\\Desktop\\projects\\node-basics\\vidly-backend\\startup\\logging.js": {"path":"C:\\Users\\Saad\\Desktop\\projects\\node-basics\\vidly-backend\\startup\\logging.js","statementMap":{"0":{"start":{"line":1,"column":0},"end":{"line":1,"column":31}},"1":{"start":{"line":2,"column":16},"end":{"line":2,"column":34}},"2":{"start":{"line":5,"column":0},"end":{"line":13,"column":1}},"3":{"start":{"line":6,"column":4},"end":{"line":9,"column":5}},"4":{"start":{"line":10,"column":4},"end":{"line":10,"column":58}},"5":{"start":{"line":10,"column":47},"end":{"line":10,"column":55}},"6":{"start":{"line":11,"column":4},"end":{"line":11,"column":69}}},"fnMap":{"0":{"name":"(anonymous_0)","decl":{"start":{"line":5,"column":17},"end":{"line":5,"column":18}},"loc":{"start":{"line":5,"column":29},"end":{"line":13,"column":1}},"line":5},"1":{"name":"(anonymous_1)","decl":{"start":{"line":10,"column":37},"end":{"line":10,"column":38}},"loc":{"start":{"line":10,"column":45},"end":{"line":10,"column":57}},"line":10}},"branchMap":{},"s":{"0":1,"1":1,"2":1,"3":1,"4":1,"5":0,"6":1},"f":{"0":1,"1":0},"b":{},"_coverageSchema":"1a1c01bbd47fc00a2c39e90264f33305004495a9","hash":"52bb179d600df8a0d1889add8a61d0e966bc2977"}
,"C:\\Users\\Saad\\Desktop\\projects\\node-basics\\vidly-backend\\startup\\routes.js": {"path":"C:\\Users\\Saad\\Desktop\\projects\\node-basics\\vidly-backend\\startup\\routes.js","statementMap":{"0":{"start":{"line":1,"column":24},"end":{"line":1,"column":60}},"1":{"start":{"line":2,"column":28},"end":{"line":2,"column":68}},"2":{"start":{"line":3,"column":25},"end":{"line":3,"column":62}},"3":{"start":{"line":4,"column":26},"end":{"line":4,"column":64}},"4":{"start":{"line":5,"column":23},"end":{"line":5,"column":58}},"5":{"start":{"line":6,"column":23},"end":{"line":6,"column":58}},"6":{"start":{"line":7,"column":26},"end":{"line":7,"column":64}},"7":{"start":{"line":8,"column":14},"end":{"line":8,"column":44}},"8":{"start":{"line":9,"column":16},"end":{"line":9,"column":34}},"9":{"start":{"line":11,"column":0},"end":{"line":23,"column":1}},"10":{"start":{"line":13,"column":4},"end":{"line":13,"column":27}},"11":{"start":{"line":14,"column":4},"end":{"line":14,"column":42}},"12":{"start":{"line":15,"column":4},"end":{"line":15,"column":50}},"13":{"start":{"line":16,"column":4},"end":{"line":16,"column":44}},"14":{"start":{"line":17,"column":4},"end":{"line":17,"column":46}},"15":{"start":{"line":18,"column":4},"end":{"line":18,"column":41}},"16":{"start":{"line":19,"column":4},"end":{"line":19,"column":40}},"17":{"start":{"line":20,"column":4},"end":{"line":20,"column":46}},"18":{"start":{"line":21,"column":4},"end":{"line":21,"column":55}},"19":{"start":{"line":21,"column":31},"end":{"line":21,"column":54}},"20":{"start":{"line":22,"column":4},"end":{"line":22,"column":18}}},"fnMap":{"0":{"name":"(anonymous_0)","decl":{"start":{"line":11,"column":17},"end":{"line":11,"column":18}},"loc":{"start":{"line":11,"column":32},"end":{"line":23,"column":1}},"line":11},"1":{"name":"(anonymous_1)","decl":{"start":{"line":21,"column":17},"end":{"line":21,"column":18}},"loc":{"start":{"line":21,"column":31},"end":{"line":21,"column":54}},"line":21}},"branchMap":{},"s":{"0":1,"1":1,"2":1,"3":1,"4":1,"5":1,"6":1,"7":1,"8":1,"9":1,"10":1,"11":1,"12":1,"13":1,"14":1,"15":1,"16":1,"17":1,"18":1,"19":0,"20":1},"f":{"0":1,"1":0},"b":{},"_coverageSchema":"1a1c01bbd47fc00a2c39e90264f33305004495a9","hash":"a51caf73317be388d93ceabe74e52fd967f3fac6"}
,"C:\\Users\\Saad\\Desktop\\projects\\node-basics\\vidly-backend\\startup\\validation.js": {"path":"C:\\Users\\Saad\\Desktop\\projects\\node-basics\\vidly-backend\\startup\\validation.js","statementMap":{"0":{"start":{"line":1,"column":12},"end":{"line":1,"column":26}},"1":{"start":{"line":3,"column":0},"end":{"line":5,"column":1}},"2":{"start":{"line":4,"column":4},"end":{"line":4,"column":47}}},"fnMap":{"0":{"name":"(anonymous_0)","decl":{"start":{"line":3,"column":17},"end":{"line":3,"column":18}},"loc":{"start":{"line":3,"column":27},"end":{"line":5,"column":1}},"line":3}},"branchMap":{},"s":{"0":1,"1":1,"2":1},"f":{"0":1},"b":{},"_coverageSchema":"1a1c01bbd47fc00a2c39e90264f33305004495a9","hash":"4988c03f40ba4f98e8413f0725b95d03ff99e1e1"}
}
